<?xml version="1.0" encoding="UTF-8"?>
<!-- Generated by org.testng.reporters.JUnitXMLReporter -->
<testsuite ignored="0" hostname="KNAKKA-M-2L1J" failures="0" tests="6" name="Default test" time="1.775" errors="0" timestamp="2024-01-23T11:57:44 IST">
  <testcase classname="com.restApi.TestApis" name="registerByRestAssuredAPI" time="0.451"/>
  <testcase classname="com.restApi.TestApis" name="loginCheckUI" time="0.231"/>
  <testcase classname="com.restApi.TestApis" name="dbCheck" time="0.143"/>
  <testcase classname="com.restApi.TestApis" name="loginByRestAssuredAPI" time="0.038"/>
  <testcase classname="com.restApi.TestApis" name="getFLightsOnGivenDate" time="0.026"/>
  <testcase classname="com.restApi.TestApis" name="getBookedFlights" time="0.012"/>
</testsuite> <!-- Default test -->
