<?xml version="1.0" encoding="UTF-8"?>
<!-- Generated by org.testng.reporters.JUnitXMLReporter -->
<testsuite ignored="0" hostname="KNAKKA-M-2L1J" failures="0" tests="10" name="Testing FlyAway Functionalities ,API ,UI " time="6.869" errors="0" timestamp="2024-01-22T13:59:22 IST">
  <testcase classname="com.testLib.NewTestFlyAway" name="register" time="3.354"/>
  <testcase classname="com.testLib.NewTestFlyAway" name="login" time="0.162"/>
  <testcase classname="com.testLib.NewTestFlyAway" name="searchFlight" time="0.224"/>
  <testcase classname="com.testLib.NewTestFlyAway" name="bookFlight" time="0.123"/>
  <testcase classname="com.restApi.TestApis" name="registerByRestAssuredAPI" time="0.413"/>
  <testcase classname="com.restApi.TestApis" name="loginCheckUI" time="0.208"/>
  <testcase classname="com.restApi.TestApis" name="dbCheck" time="0.117"/>
  <testcase classname="com.restApi.TestApis" name="loginByRestAssuredAPI" time="0.041"/>
  <testcase classname="com.restApi.TestApis" name="getFLightsOnGivenDate" time="0.032"/>
  <testcase classname="com.restApi.TestApis" name="getBookedFlights" time="0.022"/>
</testsuite> <!-- Testing FlyAway Functionalities ,API ,UI  -->
