<?xml version="1.0" encoding="UTF-8"?>
<!-- Generated by org.testng.reporters.JUnitXMLReporter -->
<testsuite ignored="0" hostname="KNAKKA-M-2L1J" failures="0" tests="3" name="Testing FlyAway API UI" time="1.417" errors="0" timestamp="2024-01-21T09:43:30 IST">
  <testcase classname="com.restApi.TestApis" name="register" time="0.414"/>
  <testcase classname="com.restApi.TestApis" name="login" time="0.218"/>
  <testcase classname="com.restApi.TestApis" name="dbCheck" time="0.125"/>
</testsuite> <!-- Testing FlyAway API UI -->
