<?xml version="1.0" encoding="UTF-8"?>
<!-- Generated by org.testng.reporters.JUnitXMLReporter -->
<testsuite ignored="0" hostname="KNAKKA-M-2L1J" failures="0" tests="10" name="Testing FlyAway Functionalities" time="6.878" errors="0" timestamp="2024-01-21T10:06:55 IST">
  <testcase classname="com.testLib.NewTestFlyAway" name="register" time="3.371"/>
  <testcase classname="com.testLib.NewTestFlyAway" name="login" time="0.166"/>
  <testcase classname="com.testLib.NewTestFlyAway" name="searchFlight" time="0.19"/>
  <testcase classname="com.testLib.NewTestFlyAway" name="bookFlight" time="0.118"/>
  <testcase classname="com.restApi.TestApis" name="registerByRestAssuredAPI" time="0.406"/>
  <testcase classname="com.restApi.TestApis" name="loginCheckUI" time="0.194"/>
  <testcase classname="com.restApi.TestApis" name="dbCheck" time="0.116"/>
  <testcase classname="com.restApi.TestApis" name="loginByRestAssuredAPI" time="0.036"/>
  <testcase classname="com.restApi.TestApis" name="getFLightsOnGivenDate" time="0.022"/>
  <testcase classname="com.restApi.TestApis" name="getBookedFlights" time="0.009"/>
</testsuite> <!-- Testing FlyAway Functionalities -->
